#
# A fatal error has been detected by the Java Runtime Environment:
#
#  EXCEPTION_ACCESS_VIOLATION (0xc0000005) at pc=0x00000000559328a2, pid=3732, tid=0x000000000000123c
#
# JRE version: OpenJDK Runtime Environment (8.0_112-b06) (build 1.8.0_112-release-b06)
# Java VM: OpenJDK 64-Bit Server VM (25.112-b06 mixed mode windows-amd64 compressed oops)
# Problematic frame:
# V  [jvm.dll+0x528a2]
#
# Failed to write core dump. Minidumps are not enabled by default on client versions of Windows
#
# If you would like to submit a bug report, please visit:
#   http://bugreport.java.com/bugreport/crash.jsp
#

---------------  T H R E A D  ---------------

Current thread (0x0000000008868800):  JavaThread "C1 CompilerThread2" daemon [_thread_in_vm, id=4668, stack(0x00000000093d0000,0x00000000094d0000)]

siginfo: ExceptionCode=0xc0000005, reading address 0x00000000d5f8d740

Registers:
RAX=0x0000000002543d10, RBX=0x00000000d5f8d740, RCX=0x0000000002539bc0, RDX=0x000000000000201f
RSP=0x00000000094ceca0, RBP=0x00000000a3c63f93, RSI=0x0000000008868800, RDI=0x0000000000000004
R8 =0x000000001f601bfb, R9 =0x0000000000000034, R10=0x00000000558e0000, R11=0x0000000020ffbf00
R12=0x0000000000000034, R13=0x000000001f601bfb, R14=0x0000000002539bc0, R15=0x0000000000000000
RIP=0x00000000559328a2, EFLAGS=0x0000000000010202

Top of Stack: (sp=0x00000000094ceca0)
0x00000000094ceca0:   00000000094cee08 00000000094cf160
0x00000000094cecb0:   0000000000000000 000000000000000b
0x00000000094cecc0:   0000000000000000 0000000008868800
0x00000000094cecd0:   000000000dfb7ca0 0000000055934081
0x00000000094cece0:   000000001f601bfb 0000000000000034
0x00000000094cecf0:   0000000008868800 00000000a3c63f93
0x00000000094ced00:   00000000a3c63f93 0000000055987fc1
0x00000000094ced10:   0000000000000042 0000366b39c053fc
0x00000000094ced20:   000000000000201f 0000000008868800
0x00000000094ced30:   000000000882ee00 0000000008868800
0x00000000094ced40:   0000000007382b68 0000000055e85680
0x00000000094ced50:   0000000000000000 00000000681539e1
0x00000000094ced60:   000000001f08fa30 0000000055ace97d
0x00000000094ced70:   0000000000000100 00000000559f52eb
0x00000000094ced80:   0000000007382bd5 0000000000000092
0x00000000094ced90:   0000000007382b68 0000000055ad4c82 

Instructions: (pc=0x00000000559328a2)
0x0000000055932882:   48 63 d2 33 ff 48 8b 1c d0 45 8b e1 4d 8b e8 4c
0x0000000055932892:   8b f1 48 85 db 74 4a 8b 6c 24 60 0f 1f 00 ff c7
0x00000000559328a2:   39 2b 75 16 48 8b 73 10 45 8b c4 49 8b d5 48 8b
0x00000000559328b2:   ce e8 c8 24 0c 00 84 c0 75 48 48 8b 5b 08 48 83 


Register to memory mapping:

RAX=0x0000000002543d10 is an unknown value
RBX=0x00000000d5f8d740 is an unallocated location in the heap
RCX=0x0000000002539bc0 is an unknown value
RDX=0x000000000000201f is an unknown value
RSP=0x00000000094ceca0 is pointing into the stack for thread: 0x0000000008868800
RBP=
[error occurred during error reporting (printing register info), id 0xc0000005]

Stack: [0x00000000093d0000,0x00000000094d0000],  sp=0x00000000094ceca0,  free space=1019k
Native frames: (J=compiled Java code, j=interpreted, Vv=VM code, C=native code)
V  [jvm.dll+0x528a2]
V  [jvm.dll+0x54081]
V  [jvm.dll+0x20e85c]
V  [jvm.dll+0x21219]
V  [jvm.dll+0x15a18]
V  [jvm.dll+0x1f19a]
V  [jvm.dll+0x1f3a9]
V  [jvm.dll+0x9c94]
V  [jvm.dll+0x80a9a]
V  [jvm.dll+0x8145f]
V  [jvm.dll+0x21be7f]
V  [jvm.dll+0x26c13a]
C  [msvcr100.dll+0x21d9f]
C  [msvcr100.dll+0x21e3b]
C  [kernel32.dll+0x159cd]
C  [ntdll.dll+0x2a561]


Current CompileTask:
C1:13306777 14443       1       com.android.build.gradle.internal.core.GradleVariantConfiguration::getNdkConfig (5 bytes)


---------------  P R O C E S S  ---------------

Java Threads: ( => current thread )
  0x000000000b52b000 JavaThread "Cache update executor" [_thread_blocked, id=2488, stack(0x000000000cb10000,0x000000000cc10000)]
  0x000000000b535800 JavaThread "Stdin handler" [_thread_blocked, id=4932, stack(0x0000000024080000,0x0000000024180000)]
  0x000000000b52c000 JavaThread "Asynchronous log dispatcher for DefaultDaemonConnection: socket connection from /127.0.0.1:2814 to /127.0.0.1:4998" [_thread_blocked, id=4232, stack(0x00000000243b0000,0x00000000244b0000)]
  0x000000000b52d800 JavaThread "Cancel handler" [_thread_blocked, id=3624, stack(0x000000000ca10000,0x000000000cb10000)]
  0x000000000b530800 JavaThread "Handler for socket connection from /127.0.0.1:2814 to /127.0.0.1:4998" [_thread_in_native, id=4768, stack(0x000000000c770000,0x000000000c870000)]
  0x000000000b52f000 JavaThread "Daemon worker Thread 4" [_thread_blocked, id=1340, stack(0x000000000cdb0000,0x000000000ceb0000)]
  0x000000000b52f800 JavaThread "Daemon Thread 4" [_thread_blocked, id=2044, stack(0x000000000c190000,0x000000000c290000)]
  0x000000000b536800 JavaThread "pool-4-thread-1" [_thread_blocked, id=4392, stack(0x0000000024590000,0x0000000024690000)]
  0x000000000b52a800 JavaThread "pool-2-thread-1" [_thread_blocked, id=4984, stack(0x00000000204d0000,0x00000000205d0000)]
  0x000000000a8be800 JavaThread "File lock request listener" [_thread_in_native, id=4168, stack(0x000000000d290000,0x000000000d390000)]
  0x000000000a4b5800 JavaThread "pool-1-thread-1" [_thread_blocked, id=784, stack(0x000000000c5b0000,0x000000000c6b0000)]
  0x000000000a635800 JavaThread "Incoming local TCP Connector on port 2814" [_thread_in_native, id=4924, stack(0x000000000c290000,0x000000000c390000)]
  0x000000000889b800 JavaThread "Service Thread" daemon [_thread_blocked, id=3788, stack(0x0000000009120000,0x0000000009220000)]
=>0x0000000008868800 JavaThread "C1 CompilerThread2" daemon [_thread_in_vm, id=4668, stack(0x00000000093d0000,0x00000000094d0000)]
  0x0000000008868000 JavaThread "C2 CompilerThread1" daemon [_thread_blocked, id=4960, stack(0x0000000009220000,0x0000000009320000)]
  0x0000000008818800 JavaThread "C2 CompilerThread0" daemon [_thread_blocked, id=4308, stack(0x0000000008fc0000,0x00000000090c0000)]
  0x000000000880b800 JavaThread "Attach Listener" daemon [_thread_blocked, id=3412, stack(0x0000000008ce0000,0x0000000008de0000)]
  0x000000000748a000 JavaThread "Signal Dispatcher" daemon [_thread_blocked, id=4036, stack(0x0000000008de0000,0x0000000008ee0000)]
  0x0000000007478000 JavaThread "Finalizer" daemon [_thread_blocked, id=156, stack(0x0000000008700000,0x0000000008800000)]
  0x000000000742e800 JavaThread "Reference Handler" daemon [_thread_blocked, id=4656, stack(0x0000000008380000,0x0000000008480000)]
  0x000000000263e000 JavaThread "main" [_thread_blocked, id=4584, stack(0x0000000002860000,0x0000000002960000)]

Other Threads:
  0x0000000007429000 VMThread [stack: 0x0000000008540000,0x0000000008640000] [id=4648]
  0x00000000088b1800 WatcherThread [stack: 0x00000000094f0000,0x00000000095f0000] [id=4188]

VM state:synchronizing (normal execution)

VM Mutex/Monitor currently owned by a thread:  ([mutex/lock_event])
[0x000000000263bf80] Threads_lock - owner thread: 0x0000000007429000

Heap:
 PSYoungGen      total 484864K, used 280385K [0x00000000e0000000, 0x0000000100000000, 0x0000000100000000)
  eden space 451584K, 55% used [0x00000000e0000000,0x00000000ef5d5b18,0x00000000fb900000)
  from space 33280K, 86% used [0x00000000fdf80000,0x00000000ffb7abc0,0x0000000100000000)
  to   space 36352K, 0% used [0x00000000fb900000,0x00000000fb900000,0x00000000fdc80000)
 ParOldGen       total 130048K, used 45533K [0x00000000a0000000, 0x00000000a7f00000, 0x00000000e0000000)
  object space 130048K, 35% used [0x00000000a0000000,0x00000000a2c775e8,0x00000000a7f00000)
 Metaspace       used 78332K, capacity 82926K, committed 83072K, reserved 1122304K
  class space    used 10239K, capacity 11077K, committed 11136K, reserved 1048576K

Card table byte_map: [0x0000000002d20000,0x0000000003030000] byte_map_base: 0x0000000002820000

Marking Bits: (ParMarkBitMap*) 0x00000000560a18f0
 Begin Bits: [0x00000000037a0000, 0x0000000004fa0000)
 End Bits:   [0x0000000004fa0000, 0x00000000067a0000)

Polling page: 0x0000000000140000

CodeCache: size=245760Kb used=39422Kb max_used=39433Kb free=206337Kb
 bounds [0x000000000f010000, 0x00000000116e0000, 0x000000001e010000]
 total_blobs=12408 nmethods=11601 adapters=718
 compilation: enabled

Compilation events (10 events):
Event: 13304.402 Thread 0x0000000008818800 nmethod 14441 0x000000001088e590 code [0x000000001088e720, 0x000000001088ece8]
Event: 13304.402 Thread 0x0000000008818800 14447       4       com.google.protobuf.GeneratedMessageV3$Builder::onChanged (29 bytes)
Event: 13304.402 Thread 0x0000000008818800 nmethod 14447 0x000000000fffc890 code [0x000000000fffc9c0, 0x000000000fffca38]
Event: 13304.402 Thread 0x0000000008818800 14444       4       java.nio.file.FileTreeWalker$Event::<init> (26 bytes)
Event: 13304.403 Thread 0x0000000008818800 nmethod 14444 0x0000000011629590 code [0x00000000116296c0, 0x0000000011629758]
Event: 13304.404 Thread 0x0000000008868000 nmethod 14440 0x000000001088f790 code [0x000000001088f960, 0x000000001088ff08]
Event: 13304.406 Thread 0x0000000008818800 14453       4       java.io.ObjectOutputStream::writeTypeString (40 bytes)
Event: 13304.412 Thread 0x0000000008868000 14454       4       org.gradle.api.internal.file.AbstractFileResolver::validate (184 bytes)
Event: 13304.412 Thread 0x0000000008818800 nmethod 14453 0x000000001088c050 code [0x000000001088c1c0, 0x000000001088c598]
Event: 13304.414 Thread 0x0000000008868000 nmethod 14454 0x000000001088ca90 code [0x000000001088cc00, 0x000000001088cd98]

GC Heap History (10 events):
Event: 20.180 GC heap before
{Heap before GC invocations=11 (full 2):
 PSYoungGen      total 311296K, used 109064K [0x00000000e0000000, 0x00000000f6000000, 0x0000000100000000)
  eden space 290304K, 30% used [0x00000000e0000000,0x00000000e56044a0,0x00000000f1b80000)
  from space 20992K, 99% used [0x00000000f3980000,0x00000000f4dfdec8,0x00000000f4e00000)
  to   space 30720K, 0% used [0x00000000f1b80000,0x00000000f1b80000,0x00000000f3980000)
 ParOldGen       total 84480K, used 37523K [0x00000000a0000000, 0x00000000a5280000, 0x00000000e0000000)
  object space 84480K, 44% used [0x00000000a0000000,0x00000000a24a4f00,0x00000000a5280000)
 Metaspace       used 56582K, capacity 58974K, committed 59136K, reserved 1099776K
  class space    used 7570K, capacity 8084K, committed 8192K, reserved 1048576K
Event: 20.592 GC heap after
Heap after GC invocations=11 (full 2):
 PSYoungGen      total 321024K, used 18721K [0x00000000e0000000, 0x00000000fc580000, 0x0000000100000000)
  eden space 290304K, 0% used [0x00000000e0000000,0x00000000e0000000,0x00000000f1b80000)
  from space 30720K, 60% used [0x00000000f1b80000,0x00000000f2dc8440,0x00000000f3980000)
  to   space 30720K, 0% used [0x00000000fa780000,0x00000000fa780000,0x00000000fc580000)
 ParOldGen       total 84480K, used 44291K [0x00000000a0000000, 0x00000000a5280000, 0x00000000e0000000)
  object space 84480K, 52% used [0x00000000a0000000,0x00000000a2b40ea8,0x00000000a5280000)
 Metaspace       used 56582K, capacity 58974K, committed 59136K, reserved 1099776K
  class space    used 7570K, capacity 8084K, committed 8192K, reserved 1048576K
}
Event: 20.592 GC heap before
{Heap before GC invocations=12 (full 3):
 PSYoungGen      total 321024K, used 18721K [0x00000000e0000000, 0x00000000fc580000, 0x0000000100000000)
  eden space 290304K, 0% used [0x00000000e0000000,0x00000000e0000000,0x00000000f1b80000)
  from space 30720K, 60% used [0x00000000f1b80000,0x00000000f2dc8440,0x00000000f3980000)
  to   space 30720K, 0% used [0x00000000fa780000,0x00000000fa780000,0x00000000fc580000)
 ParOldGen       total 84480K, used 44291K [0x00000000a0000000, 0x00000000a5280000, 0x00000000e0000000)
  object space 84480K, 52% used [0x00000000a0000000,0x00000000a2b40ea8,0x00000000a5280000)
 Metaspace       used 56582K, capacity 58974K, committed 59136K, reserved 1099776K
  class space    used 7570K, capacity 8084K, committed 8192K, reserved 1048576K
Event: 21.271 GC heap after
Heap after GC invocations=12 (full 3):
 PSYoungGen      total 321024K, used 0K [0x00000000e0000000, 0x00000000fc580000, 0x0000000100000000)
  eden space 290304K, 0% used [0x00000000e0000000,0x00000000e0000000,0x00000000f1b80000)
  from space 30720K, 0% used [0x00000000f1b80000,0x00000000f1b80000,0x00000000f3980000)
  to   space 30720K, 0% used [0x00000000fa780000,0x00000000fa780000,0x00000000fc580000)
 ParOldGen       total 130048K, used 45490K [0x00000000a0000000, 0x00000000a7f00000, 0x00000000e0000000)
  object space 130048K, 34% used [0x00000000a0000000,0x00000000a2c6c998,0x00000000a7f00000)
 Metaspace       used 56582K, capacity 58974K, committed 59136K, reserved 1099776K
  class space    used 7570K, capacity 8084K, committed 8192K, reserved 1048576K
}
Event: 531.327 GC heap before
{Heap before GC invocations=13 (full 3):
 PSYoungGen      total 321024K, used 290304K [0x00000000e0000000, 0x00000000fc580000, 0x0000000100000000)
  eden space 290304K, 100% used [0x00000000e0000000,0x00000000f1b80000,0x00000000f1b80000)
  from space 30720K, 0% used [0x00000000f1b80000,0x00000000f1b80000,0x00000000f3980000)
  to   space 30720K, 0% used [0x00000000fa780000,0x00000000fa780000,0x00000000fc580000)
 ParOldGen       total 130048K, used 45490K [0x00000000a0000000, 0x00000000a7f00000, 0x00000000e0000000)
  object space 130048K, 34% used [0x00000000a0000000,0x00000000a2c6c998,0x00000000a7f00000)
 Metaspace       used 63521K, capacity 66264K, committed 66432K, reserved 1105920K
  class space    used 8404K, capacity 8971K, committed 9088K, reserved 1048576K
Event: 531.354 GC heap after
Heap after GC invocations=13 (full 3):
 PSYoungGen      total 391168K, used 12789K [0x00000000e0000000, 0x00000000fb400000, 0x0000000100000000)
  eden space 378368K, 0% used [0x00000000e0000000,0x00000000e0000000,0x00000000f7180000)
  from space 12800K, 99% used [0x00000000fa780000,0x00000000fb3fd598,0x00000000fb400000)
  to   space 29696K, 0% used [0x00000000f7a00000,0x00000000f7a00000,0x00000000f9700000)
 ParOldGen       total 130048K, used 45517K [0x00000000a0000000, 0x00000000a7f00000, 0x00000000e0000000)
  object space 130048K, 35% used [0x00000000a0000000,0x00000000a2c735e8,0x00000000a7f00000)
 Metaspace       used 63521K, capacity 66264K, committed 66432K, reserved 1105920K
  class space    used 8404K, capacity 8971K, committed 9088K, reserved 1048576K
}
Event: 4786.674 GC heap before
{Heap before GC invocations=14 (full 3):
 PSYoungGen      total 391168K, used 391157K [0x00000000e0000000, 0x00000000fb400000, 0x0000000100000000)
  eden space 378368K, 100% used [0x00000000e0000000,0x00000000f7180000,0x00000000f7180000)
  from space 12800K, 99% used [0x00000000fa780000,0x00000000fb3fd598,0x00000000fb400000)
  to   space 29696K, 0% used [0x00000000f7a00000,0x00000000f7a00000,0x00000000f9700000)
 ParOldGen       total 130048K, used 45517K [0x00000000a0000000, 0x00000000a7f00000, 0x00000000e0000000)
  object space 130048K, 35% used [0x00000000a0000000,0x00000000a2c735e8,0x00000000a7f00000)
 Metaspace       used 71185K, capacity 74434K, committed 74624K, reserved 1114112K
  class space    used 9349K, capacity 9995K, committed 10112K, reserved 1048576K
Event: 4786.708 GC heap after
Heap after GC invocations=14 (full 3):
 PSYoungGen      total 416768K, used 28156K [0x00000000e0000000, 0x0000000100000000, 0x0000000100000000)
  eden space 387072K, 0% used [0x00000000e0000000,0x00000000e0000000,0x00000000f7a00000)
  from space 29696K, 94% used [0x00000000f7a00000,0x00000000f957f1f8,0x00000000f9700000)
  to   space 33280K, 0% used [0x00000000fdf80000,0x00000000fdf80000,0x0000000100000000)
 ParOldGen       total 130048K, used 45525K [0x00000000a0000000, 0x00000000a7f00000, 0x00000000e0000000)
  object space 130048K, 35% used [0x00000000a0000000,0x00000000a2c755e8,0x00000000a7f00000)
 Metaspace       used 71185K, capacity 74434K, committed 74624K, reserved 1114112K
  class space    used 9349K, capacity 9995K, committed 10112K, reserved 1048576K
}
Event: 13300.269 GC heap before
{Heap before GC invocations=15 (full 3):
 PSYoungGen      total 416768K, used 415228K [0x00000000e0000000, 0x0000000100000000, 0x0000000100000000)
  eden space 387072K, 100% used [0x00000000e0000000,0x00000000f7a00000,0x00000000f7a00000)
  from space 29696K, 94% used [0x00000000f7a00000,0x00000000f957f1f8,0x00000000f9700000)
  to   space 33280K, 0% used [0x00000000fdf80000,0x00000000fdf80000,0x0000000100000000)
 ParOldGen       total 130048K, used 45525K [0x00000000a0000000, 0x00000000a7f00000, 0x00000000e0000000)
  object space 130048K, 35% used [0x00000000a0000000,0x00000000a2c755e8,0x00000000a7f00000)
 Metaspace       used 77787K, capacity 82004K, committed 82176K, reserved 1120256K
  class space    used 10182K, capacity 10984K, committed 11008K, reserved 1048576K
Event: 13300.500 GC heap after
Heap after GC invocations=15 (full 3):
 PSYoungGen      total 484864K, used 28650K [0x00000000e0000000, 0x0000000100000000, 0x0000000100000000)
  eden space 451584K, 0% used [0x00000000e0000000,0x00000000e0000000,0x00000000fb900000)
  from space 33280K, 86% used [0x00000000fdf80000,0x00000000ffb7abc0,0x0000000100000000)
  to   space 36352K, 0% used [0x00000000fb900000,0x00000000fb900000,0x00000000fdc80000)
 ParOldGen       total 130048K, used 45533K [0x00000000a0000000, 0x00000000a7f00000, 0x00000000e0000000)
  object space 130048K, 35% used [0x00000000a0000000,0x00000000a2c775e8,0x00000000a7f00000)
 Metaspace       used 77787K, capacity 82004K, committed 82176K, reserved 1120256K
  class space    used 10182K, capacity 10984K, committed 11008K, reserved 1048576K
}

Deoptimization events (10 events):
Event: 5783.873 Thread 0x000000000a4b5800 Uncommon trap: reason=unstable_if action=reinterpret pc=0x0000000010dd28f0 method=java.text.DigitList.isZero()Z @ 7
Event: 13301.709 Thread 0x000000000b52f000 Uncommon trap: reason=class_check action=maybe_recompile pc=0x000000000fe4bed8 method=org.gradle.api.internal.project.taskfactory.DefaultTaskClassValidatorExtractor$DefaultTaskPropertyActionContext.getAnnotation(Ljava/lang/Class;)Ljava/lang/annotation/AnnoÊj6¾ÚúÉ@
Event: 13301.709 Thread 0x000000000b52f000 Uncommon trap: reason=class_check action=maybe_recompile pc=0x000000000fe4bed8 method=org.gradle.api.internal.project.taskfactory.DefaultTaskClassValidatorExtractor$DefaultTaskPropertyActionContext.getAnnotation(Ljava/lang/Class;)Ljava/lang/annotation/AnnoÂ´8¿ÚúÉ@
Event: 13301.709 Thread 0x000000000b52f000 Uncommon trap: reason=class_check action=maybe_recompile pc=0x000000000fe4bed8 method=org.gradle.api.internal.project.taskfactory.DefaultTaskClassValidatorExtractor$DefaultTaskPropertyActionContext.getAnnotation(Ljava/lang/Class;)Ljava/lang/annotation/Anno‹*tqÛúÉ@
Event: 13301.714 Thread 0x000000000b52f000 Uncommon trap: reason=class_check action=maybe_recompile pc=0x000000000fe4bed8 method=org.gradle.api.internal.project.taskfactory.DefaultTaskClassValidatorExtractor$DefaultTaskPropertyActionContext.getAnnotation(Ljava/lang/Class;)Ljava/lang/annotation/Anno› #êÜúÉ@
Event: 13301.726 Thread 0x000000000b52f000 Uncommon trap: reason=bimorphic action=maybe_recompile pc=0x000000001086cfb8 method=org.gradle.api.internal.tasks.TaskMutator.mutate(Ljava/lang/String;Ljava/lang/Runnable;)V @ 29
Event: 13301.738 Thread 0x000000000b52f000 Uncommon trap: reason=bimorphic action=maybe_recompile pc=0x000000001086cfb8 method=org.gradle.api.internal.tasks.TaskMutator.mutate(Ljava/lang/String;Ljava/lang/Runnable;)V @ 29
Event: 13301.751 Thread 0x000000000b52f000 Uncommon trap: reason=bimorphic action=maybe_recompile pc=0x000000001086cfb8 method=org.gradle.api.internal.tasks.TaskMutator.mutate(Ljava/lang/String;Ljava/lang/Runnable;)V @ 29
Event: 13301.778 Thread 0x000000000b52f000 Uncommon trap: reason=bimorphic action=maybe_recompile pc=0x000000001086cfb8 method=org.gradle.api.internal.tasks.TaskMutator.mutate(Ljava/lang/String;Ljava/lang/Runnable;)V @ 29
Event: 13304.190 Thread 0x000000000b52f000 Uncommon trap: reason=unstable_if action=reinterpret pc=0x000000000f72aeb4 method=java.lang.ref.SoftReference.get()Ljava/lang/Object; @ 6

Internal exceptions (10 events):
Event: 13303.569 Thread 0x000000000b52f000 Exception <a 'sun/nio/fs/WindowsException'> (0x00000000ec680198) thrown at [C:\src\android\AOSP-openjdk\external\jetbrains\jdk\hotspot\src\share\vm\prims\jni.cpp, line 709]
Event: 13303.569 Thread 0x000000000b52f000 Exception <a 'sun/nio/fs/WindowsException'> (0x00000000ec680d00) thrown at [C:\src\android\AOSP-openjdk\external\jetbrains\jdk\hotspot\src\share\vm\prims\jni.cpp, line 709]
Event: 13303.570 Thread 0x000000000b52f000 Exception <a 'sun/nio/fs/WindowsException'> (0x00000000ec684528) thrown at [C:\src\android\AOSP-openjdk\external\jetbrains\jdk\hotspot\src\share\vm\prims\jni.cpp, line 709]
Event: 13303.570 Thread 0x000000000b52f000 Exception <a 'sun/nio/fs/WindowsException'> (0x00000000ec685008) thrown at [C:\src\android\AOSP-openjdk\external\jetbrains\jdk\hotspot\src\share\vm\prims\jni.cpp, line 709]
Event: 13303.570 Thread 0x000000000b52f000 Exception <a 'sun/nio/fs/WindowsException'> (0x00000000ec686b30) thrown at [C:\src\android\AOSP-openjdk\external\jetbrains\jdk\hotspot\src\share\vm\prims\jni.cpp, line 709]
Event: 13303.570 Thread 0x000000000b52f000 Exception <a 'sun/nio/fs/WindowsException'> (0x00000000ec687648) thrown at [C:\src\android\AOSP-openjdk\external\jetbrains\jdk\hotspot\src\share\vm\prims\jni.cpp, line 709]
Event: 13303.570 Thread 0x000000000b52f000 Exception <a 'sun/nio/fs/WindowsException'> (0x00000000ec689da8) thrown at [C:\src\android\AOSP-openjdk\external\jetbrains\jdk\hotspot\src\share\vm\prims\jni.cpp, line 709]
Event: 13303.570 Thread 0x000000000b52f000 Exception <a 'sun/nio/fs/WindowsException'> (0x00000000ec68a900) thrown at [C:\src\android\AOSP-openjdk\external\jetbrains\jdk\hotspot\src\share\vm\prims\jni.cpp, line 709]
Event: 13303.570 Thread 0x000000000b52f000 Exception <a 'sun/nio/fs/WindowsException'> (0x00000000ec68c4a0) thrown at [C:\src\android\AOSP-openjdk\external\jetbrains\jdk\hotspot\src\share\vm\prims\jni.cpp, line 709]
Event: 13303.570 Thread 0x000000000b52f000 Exception <a 'sun/nio/fs/WindowsException'> (0x00000000ec68d030) thrown at [C:\src\android\AOSP-openjdk\external\jetbrains\jdk\hotspot\src\share\vm\prims\jni.cpp, line 709]

Events (10 events):
Event: 13304.149 Executing VM operation: RevokeBias done
Event: 13304.152 Executing VM operation: RevokeBias
Event: 13304.152 Executing VM operation: RevokeBias done
Event: 13304.155 Executing VM operation: BulkRevokeBias
Event: 13304.156 Executing VM operation: BulkRevokeBias done
Event: 13304.181 loading class org/gradle/internal/typeconversion/NotationConverterToNotationParserAdapter$1
Event: 13304.181 loading class org/gradle/internal/typeconversion/NotationConverterToNotationParserAdapter$1 done
Event: 13304.190 Thread 0x000000000b52f000 Uncommon trap: trap_request=0xffffff65 fr.pc=0x000000000f72aeb4
Event: 13304.190 Thread 0x000000000b52f000 DEOPT PACKING pc=0x000000000f72aeb4 sp=0x000000000ceac390
Event: 13304.190 Thread 0x000000000b52f000 DEOPT UNPACKING pc=0x000000000f05556a sp=0x000000000ceac330 mode 2


Dynamic libraries:
0x000000013f800000 - 0x000000013f831000 	D:\Android\Android Studio\jre\bin\java.exe
0x0000000077c40000 - 0x0000000077dea000 	C:\Windows\SYSTEM32\ntdll.dll
0x0000000077a20000 - 0x0000000077b3f000 	C:\Windows\system32\kernel32.dll
0x000007fefde90000 - 0x000007fefdefa000 	C:\Windows\system32\KERNELBASE.dll
0x000007fefe4c0000 - 0x000007fefe59b000 	C:\Windows\system32\ADVAPI32.dll
0x000007fefe110000 - 0x000007fefe1af000 	C:\Windows\system32\msvcrt.dll
0x000007fefe5a0000 - 0x000007fefe5bf000 	C:\Windows\SYSTEM32\sechost.dll
0x000007fefe9e0000 - 0x000007fefeb0d000 	C:\Windows\system32\RPCRT4.dll
0x0000000077b40000 - 0x0000000077c3a000 	C:\Windows\system32\USER32.dll
0x000007fefeeb0000 - 0x000007fefef17000 	C:\Windows\system32\GDI32.dll
0x000007fefe750000 - 0x000007fefe75e000 	C:\Windows\system32\LPK.dll
0x000007fefdf60000 - 0x000007fefe02a000 	C:\Windows\system32\USP10.dll
0x000007fefc300000 - 0x000007fefc4f4000 	C:\Windows\WinSxS\amd64_microsoft.windows.common-controls_6595b64144ccf1df_6.0.7601.18837_none_fa3b1e3d17594757\COMCTL32.dll
0x000007fefe760000 - 0x000007fefe7d1000 	C:\Windows\system32\SHLWAPI.dll
0x000007fefe230000 - 0x000007fefe25e000 	C:\Windows\system32\IMM32.DLL
0x000007fefef20000 - 0x000007feff029000 	C:\Windows\system32\MSCTF.dll
0x000007fefdb10000 - 0x000007fefdb41000 	C:\Windows\system32\nvinitx.dll
0x000000000f000000 - 0x000000000f006000 	C:\Program Files\NVIDIA Corporation\CoProcManager\detoured.dll
0x000007fefae70000 - 0x000007fefaea2000 	C:\Program Files\NVIDIA Corporation\CoProcManager\nvd3d9wrapx.dll
0x000007fefe2e0000 - 0x000007fefe4b7000 	C:\Windows\system32\SETUPAPI.dll
0x000007fefdf00000 - 0x000007fefdf36000 	C:\Windows\system32\CFGMGR32.dll
0x000007fefe030000 - 0x000007fefe10a000 	C:\Windows\system32\OLEAUT32.dll
0x000007fefe7e0000 - 0x000007fefe9dc000 	C:\Windows\system32\ole32.dll
0x000007fefdf40000 - 0x000007fefdf5a000 	C:\Windows\system32\DEVOBJ.dll
0x000007fefae40000 - 0x000007fefae62000 	C:\Program Files\NVIDIA Corporation\CoProcManager\nvdxgiwrapx.dll
0x0000000068120000 - 0x00000000681f2000 	D:\Android\Android Studio\jre\jre\bin\msvcr100.dll
0x00000000558e0000 - 0x000000005611c000 	D:\Android\Android Studio\jre\jre\bin\server\jvm.dll
0x000007fefc6c0000 - 0x000007fefc6c9000 	C:\Windows\system32\WSOCK32.dll
0x000007fefe1e0000 - 0x000007fefe22d000 	C:\Windows\system32\WS2_32.dll
0x000007fefe1b0000 - 0x000007fefe1b8000 	C:\Windows\system32\NSI.dll
0x000007fefb9a0000 - 0x000007fefb9db000 	C:\Windows\system32\WINMM.dll
0x000007fefcc20000 - 0x000007fefcc2c000 	C:\Windows\system32\VERSION.dll
0x0000000077e00000 - 0x0000000077e07000 	C:\Windows\system32\PSAPI.DLL
0x000007fefc6d0000 - 0x000007fefc6df000 	D:\Android\Android Studio\jre\jre\bin\verify.dll
0x000007fefb870000 - 0x000007fefb899000 	D:\Android\Android Studio\jre\jre\bin\java.dll
0x000007fefc2e0000 - 0x000007fefc2f6000 	D:\Android\Android Studio\jre\jre\bin\zip.dll
0x000007feff030000 - 0x000007feffdb9000 	C:\Windows\system32\SHELL32.dll
0x000007fefdb50000 - 0x000007fefdb5f000 	C:\Windows\system32\profapi.dll
0x000007fefb8b0000 - 0x000007fefb8ca000 	D:\Android\Android Studio\jre\jre\bin\net.dll
0x000007fefd310000 - 0x000007fefd365000 	C:\Windows\system32\mswsock.dll
0x000007fefd300000 - 0x000007fefd307000 	C:\Windows\System32\wship6.dll
0x000007fefb850000 - 0x000007fefb861000 	D:\Android\Android Studio\jre\jre\bin\nio.dll
0x000007fefb370000 - 0x000007fefb38e000 	C:\Users\Administrator\.gradle\native\23\windows-amd64\native-platform.dll
0x000007fefd370000 - 0x000007fefd387000 	C:\Windows\system32\CRYPTSP.dll
0x000007fefd070000 - 0x000007fefd0b7000 	C:\Windows\system32\rsaenh.dll
0x000007fefce20000 - 0x000007fefce3e000 	C:\Windows\system32\USERENV.dll
0x000007fefda40000 - 0x000007fefda4f000 	C:\Windows\system32\CRYPTBASE.dll
0x000007fefba00000 - 0x000007fefba27000 	C:\Windows\system32\IPHLPAPI.DLL
0x000007fefb9f0000 - 0x000007fefb9fb000 	C:\Windows\system32\WINNSI.DLL
0x000007fefa630000 - 0x000007fefa648000 	C:\Windows\system32\dhcpcsvc.DLL
0x000007fefa610000 - 0x000007fefa621000 	C:\Windows\system32\dhcpcsvc6.DLL
0x000007fefc2d0000 - 0x000007fefc2dd000 	D:\Android\Android Studio\jre\jre\bin\management.dll
0x000007fefd9e0000 - 0x000007fefda37000 	C:\Windows\system32\apphelp.dll
0x000007fefb5a0000 - 0x000007fefb5c4000 	D:\Android\Android Studio\jre\jre\bin\sunec.dll
0x000007fefccf0000 - 0x000007fefccf7000 	C:\Windows\System32\wshtcpip.dll
0x000007fefd190000 - 0x000007fefd1eb000 	C:\Windows\system32\DNSAPI.dll
0x000007fef9780000 - 0x000007fef9788000 	C:\Windows\system32\rasadhlp.dll
0x000007fefa660000 - 0x000007fefa6b3000 	C:\Windows\System32\fwpuclnt.dll
0x000007fefb840000 - 0x000007fefb84b000 	D:\Android\Android Studio\jre\jre\bin\sunmscapi.dll
0x000007fefdc40000 - 0x000007fefddac000 	C:\Windows\system32\CRYPT32.dll
0x000007fefdbf0000 - 0x000007fefdbff000 	C:\Windows\system32\MSASN1.dll
0x000007fef91b0000 - 0x000007fef92d5000 	C:\Windows\system32\dbghelp.dll

VM Arguments:
jvm_args: -Xmx1536m -Dfile.encoding=GBK -Duser.country=CN -Duser.language=zh -Duser.variant 
java_command: org.gradle.launcher.daemon.bootstrap.GradleDaemon 3.3
java_class_path (initial): C:\Users\Administrator\.gradle\wrapper\dists\gradle-3.3-all\55gk2rcmfc6p2dg9u9ohc3hw9\gradle-3.3\lib\gradle-launcher-3.3.jar
Launcher Type: SUN_STANDARD

Environment Variables:
JAVA_HOME=D:\jdk1.8
PATH=C:\ProgramData\Oracle\Java\javapath;%JAVA_HOME%\bin;C:\Windows\system32;C:\Windows;C:\Windows\System32\Wbem;C:\Windows\System32\WindowsPowerShell\v1.0\;D:\VisualSVN Server\bin;D:\TortoiseSVN\bin;D:\adt-bundle-win-x86_64_v23\adt\sdk\platform-tools;D:\MySQL\MySQL Server 5.5\bin;D:\TortoiseGit\bin;D:\Python27;D:\Android\ant\bin;%Git_Home%;D:\Git\mingw64\libexec\git-core;D:\MxDraw\MxDraw60Android\SRC\3rdparty\cocos2dx\cocos2d\templates;D:\MxDraw\MxDraw60Android\SRC\3rdparty\cocos2dx\cocos2d\tools\cocos2d-console\bin
USERNAME=Administrator
OS=Windows_NT
PROCESSOR_IDENTIFIER=Intel64 Family 6 Model 69 Stepping 1, GenuineIntel



---------------  S Y S T E M  ---------------

OS: Windows 7 , 64 bit Build 7601 (6.1.7601.23714)

CPU:total 4 (2 cores per cpu, 2 threads per core) family 6 model 69 stepping 1, cmov, cx8, fxsr, mmx, sse, sse2, sse3, ssse3, sse4.1, sse4.2, popcnt, avx, avx2, aes, clmul, erms, lzcnt, ht, tsc, tscinvbit, bmi1, bmi2

Memory: 4k page, physical 8256484k(3440540k free), swap 16511108k(11164772k free)

vm_info: OpenJDK 64-Bit Server VM (25.112-b06) for windows-amd64 JRE (1.8.0_112-release-b06), built on Dec  8 2016 00:54:26 by "builder" with MS VC++ 10.0 (VS2010)

time: Tue Sep 26 13:28:04 2017
elapsed time: 13304 seconds (0d 3h 41m 44s)

